{"C:\\Users\\karmd\\Desktop\\ELECTION_SYS\\server.js": {"path":"C:\\Users\\karmd\\Desktop\\ELECTION_SYS\\server.js","statementMap":{"0":{"start":{"line":4,"column":0},"end":{"line":4,"column":27}},"1":{"start":{"line":6,"column":16},"end":{"line":6,"column":34}},"2":{"start":{"line":7,"column":15},"end":{"line":7,"column":32}},"3":{"start":{"line":8,"column":18},"end":{"line":8,"column":47}},"4":{"start":{"line":9,"column":13},"end":{"line":9,"column":28}},"5":{"start":{"line":10,"column":18},"end":{"line":10,"column":38}},"6":{"start":{"line":11,"column":13},"end":{"line":11,"column":28}},"7":{"start":{"line":12,"column":31},"end":{"line":12,"column":63}},"8":{"start":{"line":15,"column":13},"end":{"line":15,"column":37}},"9":{"start":{"line":16,"column":23},"end":{"line":16,"column":49}},"10":{"start":{"line":18,"column":0},"end":{"line":20,"column":1}},"11":{"start":{"line":19,"column":2},"end":{"line":19,"column":87}},"12":{"start":{"line":23,"column":14},"end":{"line":23,"column":76}},"13":{"start":{"line":25,"column":22},"end":{"line":34,"column":97}},"14":{"start":{"line":37,"column":12},"end":{"line":37,"column":21}},"15":{"start":{"line":40,"column":0},"end":{"line":54,"column":4}},"16":{"start":{"line":56,"column":0},"end":{"line":56,"column":33}},"17":{"start":{"line":57,"column":0},"end":{"line":57,"column":41}},"18":{"start":{"line":60,"column":20},"end":{"line":66,"column":2}},"19":{"start":{"line":69,"column":0},"end":{"line":72,"column":4}},"20":{"start":{"line":75,"column":0},"end":{"line":155,"column":3}},"21":{"start":{"line":76,"column":2},"end":{"line":154,"column":3}},"22":{"start":{"line":77,"column":38},"end":{"line":77,"column":46}},"23":{"start":{"line":80,"column":4},"end":{"line":82,"column":5}},"24":{"start":{"line":81,"column":6},"end":{"line":81,"column":69}},"25":{"start":{"line":84,"column":22},"end":{"line":84,"column":75}},"26":{"start":{"line":85,"column":4},"end":{"line":87,"column":5}},"27":{"start":{"line":86,"column":6},"end":{"line":86,"column":73}},"28":{"start":{"line":90,"column":24},"end":{"line":98,"column":10}},"29":{"start":{"line":93,"column":12},"end":{"line":96,"column":50}},"30":{"start":{"line":101,"column":4},"end":{"line":106,"column":5}},"31":{"start":{"line":102,"column":6},"end":{"line":105,"column":9}},"32":{"start":{"line":109,"column":26},"end":{"line":109,"column":86}},"33":{"start":{"line":111,"column":20},"end":{"line":111,"column":24}},"34":{"start":{"line":112,"column":4},"end":{"line":141,"column":5}},"35":{"start":{"line":113,"column":6},"end":{"line":140,"column":7}},"36":{"start":{"line":114,"column":22},"end":{"line":121,"column":10}},"37":{"start":{"line":123,"column":21},"end":{"line":123,"column":62}},"38":{"start":{"line":124,"column":23},"end":{"line":124,"column":56}},"39":{"start":{"line":125,"column":22},"end":{"line":125,"column":44}},"40":{"start":{"line":126,"column":8},"end":{"line":126,"column":35}},"41":{"start":{"line":129,"column":22},"end":{"line":132,"column":72}},"42":{"start":{"line":134,"column":8},"end":{"line":138,"column":9}},"43":{"start":{"line":135,"column":10},"end":{"line":135,"column":74}},"44":{"start":{"line":136,"column":10},"end":{"line":136,"column":26}},"45":{"start":{"line":137,"column":10},"end":{"line":137,"column":19}},"46":{"start":{"line":139,"column":8},"end":{"line":139,"column":18}},"47":{"start":{"line":144,"column":4},"end":{"line":144,"column":87}},"48":{"start":{"line":145,"column":4},"end":{"line":147,"column":7}},"49":{"start":{"line":150,"column":4},"end":{"line":150,"column":54}},"50":{"start":{"line":151,"column":4},"end":{"line":153,"column":7}},"51":{"start":{"line":158,"column":0},"end":{"line":160,"column":3}},"52":{"start":{"line":159,"column":2},"end":{"line":159,"column":66}},"53":{"start":{"line":163,"column":0},"end":{"line":165,"column":3}},"54":{"start":{"line":164,"column":2},"end":{"line":164,"column":61}},"55":{"start":{"line":171,"column":0},"end":{"line":176,"column":1}},"56":{"start":{"line":172,"column":2},"end":{"line":175,"column":5}},"57":{"start":{"line":173,"column":4},"end":{"line":173,"column":56}},"58":{"start":{"line":174,"column":4},"end":{"line":174,"column":89}},"59":{"start":{"line":179,"column":0},"end":{"line":179,"column":21}}},"fnMap":{"0":{"name":"(anonymous_0)","decl":{"start":{"line":75,"column":35},"end":{"line":75,"column":36}},"loc":{"start":{"line":75,"column":55},"end":{"line":155,"column":1}},"line":75},"1":{"name":"(anonymous_1)","decl":{"start":{"line":92,"column":10},"end":{"line":92,"column":11}},"loc":{"start":{"line":93,"column":12},"end":{"line":96,"column":50}},"line":93},"2":{"name":"(anonymous_2)","decl":{"start":{"line":158,"column":19},"end":{"line":158,"column":20}},"loc":{"start":{"line":158,"column":34},"end":{"line":160,"column":1}},"line":158},"3":{"name":"(anonymous_3)","decl":{"start":{"line":163,"column":13},"end":{"line":163,"column":14}},"loc":{"start":{"line":163,"column":28},"end":{"line":165,"column":1}},"line":163},"4":{"name":"(anonymous_4)","decl":{"start":{"line":172,"column":19},"end":{"line":172,"column":20}},"loc":{"start":{"line":172,"column":25},"end":{"line":175,"column":3}},"line":172}},"branchMap":{"0":{"loc":{"start":{"line":15,"column":13},"end":{"line":15,"column":37}},"type":"binary-expr","locations":[{"start":{"line":15,"column":13},"end":{"line":15,"column":29}},{"start":{"line":15,"column":33},"end":{"line":15,"column":37}}],"line":15},"1":{"loc":{"start":{"line":18,"column":0},"end":{"line":20,"column":1}},"type":"if","locations":[{"start":{"line":18,"column":0},"end":{"line":20,"column":1}},{"start":{},"end":{}}],"line":18},"2":{"loc":{"start":{"line":23,"column":14},"end":{"line":23,"column":76}},"type":"cond-expr","locations":[{"start":{"line":23,"column":31},"end":{"line":23,"column":69}},{"start":{"line":23,"column":72},"end":{"line":23,"column":76}}],"line":23},"3":{"loc":{"start":{"line":77,"column":21},"end":{"line":77,"column":33}},"type":"default-arg","locations":[{"start":{"line":77,"column":31},"end":{"line":77,"column":33}}],"line":77},"4":{"loc":{"start":{"line":80,"column":4},"end":{"line":82,"column":5}},"type":"if","locations":[{"start":{"line":80,"column":4},"end":{"line":82,"column":5}},{"start":{},"end":{}}],"line":80},"5":{"loc":{"start":{"line":80,"column":8},"end":{"line":80,"column":47}},"type":"binary-expr","locations":[{"start":{"line":80,"column":8},"end":{"line":80,"column":16}},{"start":{"line":80,"column":20},"end":{"line":80,"column":47}}],"line":80},"6":{"loc":{"start":{"line":85,"column":4},"end":{"line":87,"column":5}},"type":"if","locations":[{"start":{"line":85,"column":4},"end":{"line":87,"column":5}},{"start":{},"end":{}}],"line":85},"7":{"loc":{"start":{"line":90,"column":24},"end":{"line":98,"column":10}},"type":"cond-expr","locations":[{"start":{"line":91,"column":8},"end":{"line":97,"column":9}},{"start":{"line":98,"column":8},"end":{"line":98,"column":10}}],"line":90},"8":{"loc":{"start":{"line":93,"column":12},"end":{"line":96,"column":50}},"type":"binary-expr","locations":[{"start":{"line":93,"column":12},"end":{"line":93,"column":13}},{"start":{"line":94,"column":12},"end":{"line":94,"column":33}},{"start":{"line":95,"column":13},"end":{"line":95,"column":30}},{"start":{"line":95,"column":34},"end":{"line":95,"column":52}},{"start":{"line":96,"column":12},"end":{"line":96,"column":50}}],"line":93},"9":{"loc":{"start":{"line":101,"column":4},"end":{"line":106,"column":5}},"type":"if","locations":[{"start":{"line":101,"column":4},"end":{"line":106,"column":5}},{"start":{},"end":{}}],"line":101},"10":{"loc":{"start":{"line":129,"column":22},"end":{"line":132,"column":72}},"type":"binary-expr","locations":[{"start":{"line":129,"column":22},"end":{"line":129,"column":41}},{"start":{"line":130,"column":22},"end":{"line":130,"column":58}},{"start":{"line":131,"column":22},"end":{"line":131,"column":60}},{"start":{"line":132,"column":22},"end":{"line":132,"column":72}}],"line":129},"11":{"loc":{"start":{"line":130,"column":23},"end":{"line":130,"column":41}},"type":"binary-expr","locations":[{"start":{"line":130,"column":23},"end":{"line":130,"column":35}},{"start":{"line":130,"column":39},"end":{"line":130,"column":41}}],"line":130},"12":{"loc":{"start":{"line":131,"column":23},"end":{"line":131,"column":41}},"type":"binary-expr","locations":[{"start":{"line":131,"column":23},"end":{"line":131,"column":35}},{"start":{"line":131,"column":39},"end":{"line":131,"column":41}}],"line":131},"13":{"loc":{"start":{"line":132,"column":23},"end":{"line":132,"column":41}},"type":"binary-expr","locations":[{"start":{"line":132,"column":23},"end":{"line":132,"column":35}},{"start":{"line":132,"column":39},"end":{"line":132,"column":41}}],"line":132},"14":{"loc":{"start":{"line":134,"column":8},"end":{"line":138,"column":9}},"type":"if","locations":[{"start":{"line":134,"column":8},"end":{"line":138,"column":9}},{"start":{},"end":{}}],"line":134},"15":{"loc":{"start":{"line":150,"column":33},"end":{"line":150,"column":52}},"type":"binary-expr","locations":[{"start":{"line":150,"column":33},"end":{"line":150,"column":45}},{"start":{"line":150,"column":49},"end":{"line":150,"column":52}}],"line":150},"16":{"loc":{"start":{"line":171,"column":0},"end":{"line":176,"column":1}},"type":"if","locations":[{"start":{"line":171,"column":0},"end":{"line":176,"column":1}},{"start":{},"end":{}}],"line":171},"17":{"loc":{"start":{"line":174,"column":33},"end":{"line":174,"column":85}},"type":"cond-expr","locations":[{"start":{"line":174,"column":50},"end":{"line":174,"column":59}},{"start":{"line":174,"column":62},"end":{"line":174,"column":85}}],"line":174}},"s":{"0":1,"1":1,"2":1,"3":1,"4":1,"5":1,"6":1,"7":1,"8":1,"9":1,"10":1,"11":0,"12":1,"13":1,"14":1,"15":1,"16":1,"17":1,"18":1,"19":1,"20":1,"21":13,"22":13,"23":13,"24":3,"25":10,"26":10,"27":1,"28":9,"29":6,"30":9,"31":0,"32":9,"33":9,"34":9,"35":9,"36":9,"37":9,"38":9,"39":9,"40":9,"41":0,"42":0,"43":0,"44":0,"45":0,"46":0,"47":0,"48":0,"49":0,"50":0,"51":1,"52":1,"53":1,"54":1,"55":1,"56":0,"57":0,"58":0,"59":1},"f":{"0":13,"1":6,"2":1,"3":1,"4":0},"b":{"0":[1,0],"1":[0,1],"2":[1,0],"3":[10],"4":[3,10],"5":[13,11],"6":[1,9],"7":[9,0],"8":[6,5,4,2,3],"9":[0,9],"10":[0,0,0,0],"11":[0,0],"12":[0,0],"13":[0,0],"14":[0,0],"15":[0,0],"16":[0,1],"17":[0,0]},"_coverageSchema":"1a1c01bbd47fc00a2c39e90264f33305004495a9","hash":"d2b5bde3f62e6885447296584a2b0bf279448296"}
}
