TN:
SF:server.js
FN:75,(anonymous_0)
FN:92,(anonymous_1)
FN:158,(anonymous_2)
FN:163,(anonymous_3)
FN:172,(anonymous_4)
FNF:5
FNH:4
FNDA:13,(anonymous_0)
FNDA:6,(anonymous_1)
FNDA:1,(anonymous_2)
FNDA:1,(anonymous_3)
FNDA:0,(anonymous_4)
DA:4,1
DA:6,1
DA:7,1
DA:8,1
DA:9,1
DA:10,1
DA:11,1
DA:12,1
DA:15,1
DA:16,1
DA:18,1
DA:19,0
DA:23,1
DA:25,1
DA:37,1
DA:40,1
DA:56,1
DA:57,1
DA:60,1
DA:69,1
DA:75,1
DA:76,13
DA:77,13
DA:80,13
DA:81,3
DA:84,10
DA:85,10
DA:86,1
DA:90,9
DA:93,6
DA:101,9
DA:102,0
DA:109,9
DA:111,9
DA:112,9
DA:113,9
DA:114,9
DA:123,9
DA:124,9
DA:125,9
DA:126,9
DA:129,0
DA:134,0
DA:135,0
DA:136,0
DA:137,0
DA:139,0
DA:144,0
DA:145,0
DA:150,0
DA:151,0
DA:158,1
DA:159,1
DA:163,1
DA:164,1
DA:171,1
DA:172,0
DA:173,0
DA:174,0
DA:179,1
LF:60
LH:45
BRDA:15,0,0,1
BRDA:15,0,1,0
BRDA:18,1,0,0
BRDA:18,1,1,1
BRDA:23,2,0,1
BRDA:23,2,1,0
BRDA:77,3,0,10
BRDA:80,4,0,3
BRDA:80,4,1,10
BRDA:80,5,0,13
BRDA:80,5,1,11
BRDA:85,6,0,1
BRDA:85,6,1,9
BRDA:90,7,0,9
BRDA:90,7,1,0
BRDA:93,8,0,6
BRDA:93,8,1,5
BRDA:93,8,2,4
BRDA:93,8,3,2
BRDA:93,8,4,3
BRDA:101,9,0,0
BRDA:101,9,1,9
BRDA:129,10,0,0
BRDA:129,10,1,0
BRDA:129,10,2,0
BRDA:129,10,3,0
BRDA:130,11,0,0
BRDA:130,11,1,0
BRDA:131,12,0,0
BRDA:131,12,1,0
BRDA:132,13,0,0
BRDA:132,13,1,0
BRDA:134,14,0,0
BRDA:134,14,1,0
BRDA:150,15,0,0
BRDA:150,15,1,0
BRDA:171,16,0,0
BRDA:171,16,1,1
BRDA:174,17,0,0
BRDA:174,17,1,0
BRF:40
BRH:18
end_of_record
